  dmain.cpp
c:\users\james\documents\visual studio 2013\projects\team8aesproject\team-8-aes-project\team8aesproject\Encryptor.h(304): warning C4018: '>' : signed/unsigned mismatch
c:\users\james\documents\visual studio 2013\projects\team8aesproject\team-8-aes-project\team8aesproject\Encryptor.h(340): warning C4018: '>' : signed/unsigned mismatch
c:\users\james\documents\visual studio 2013\projects\team8aesproject\team-8-aes-project\team8aesproject\Encryptor.h(369): warning C4244: '=' : conversion from 'double' to 'int', possible loss of data
c:\users\james\documents\visual studio 2013\projects\team8aesproject\team-8-aes-project\team8aesproject\Encryptor.h(389): warning C4018: '>' : signed/unsigned mismatch
  Team8AESProject.vcxproj -> C:\Users\James\Documents\Visual Studio 2013\Projects\Team8AESProject\Team-8-AES-Project\Debug\Team8AESProject.exe

Project Performance Summary:
      776 ms  C:\Users\James\Documents\Visual Studio 2013\Projects\Team8AESProject\Team-8-AES-Project\Team8AESProject\Team8AESProject.vcxproj   1 calls
                776 ms  Build                                      1 calls

Target Performance Summary:
        0 ms  AfterBuild                                 1 calls
        0 ms  ComputeManifestGeneratedLinkerInputs       1 calls
        0 ms  ResolveReferences                          1 calls
        0 ms  SelectClCompile                            1 calls
        0 ms  GetCopyToOutputDirectoryXamlAppDefs        1 calls
        0 ms  _CheckForCompileOutputs                    1 calls
        0 ms  GetResolvedWinMD                           1 calls
        0 ms  _Manifest                                  1 calls
        0 ms  _SelectedFiles                             1 calls
        0 ms  PostBuildEvent                             1 calls
        0 ms  _Midl                                      1 calls
        0 ms  SelectCustomBuild                          1 calls
        0 ms  _ClCompile                                 1 calls
        0 ms  GetReferenceAssemblyPaths                  1 calls
        0 ms  CreateCustomManifestResourceNames          1 calls
        0 ms  BeforeLink                                 1 calls
        0 ms  ComputeCLInputPDBName                      1 calls
        0 ms  AfterBuildCompileEvent                     1 calls
        0 ms  GetCopyToOutputDirectoryItems              1 calls
        0 ms  _BuildLinkAction                           1 calls
        0 ms  ComputeCLCompileGeneratedXDCFiles          1 calls
        0 ms  BeforeResourceCompile                      1 calls
        0 ms  AfterBuildGenerateSources                  1 calls
        0 ms  ExpandSDKReferences                        1 calls
        0 ms  BuildGenerateSources                       1 calls
        0 ms  _CopySourceItemsToOutputDirectory          1 calls
        0 ms  ComputeLinkImportLibraryOutputsForClean    1 calls
        0 ms  GetFrameworkPaths                          1 calls
        0 ms  AfterResourceCompile                       1 calls
        0 ms  _Xsd                                       1 calls
        0 ms  ComputeCustomBuildOutput                   1 calls
        0 ms  MakeDirsForBscMake                         1 calls
        0 ms  ComputeLinkSwitches                        1 calls
        0 ms  _GenerateSatelliteAssemblyInputs           1 calls
        0 ms  _ResourceCompile                           1 calls
        0 ms  Build                                      1 calls
        0 ms  _Link                                      1 calls
        0 ms  BuildLinkTraverse                          1 calls
        0 ms  ComputeManifestInputsTargets               1 calls
        0 ms  WarnCompileDuplicatedFilename              1 calls
        0 ms  ComputeRCOutputs                           1 calls
        0 ms  _XdcMake                                   1 calls
        0 ms  CreateSatelliteAssemblies                  1 calls
        0 ms  BuildCompileTraverse                       1 calls
        0 ms  AfterMidl                                  1 calls
        0 ms  ComputeMIDLGeneratedCompileInputs          1 calls
        0 ms  _Deploy                                    1 calls
        0 ms  AfterResolveReferences                     1 calls
        0 ms  BeforeResolveReferences                    1 calls
        0 ms  PreLinkEvent                               1 calls
        0 ms  PrepareForRun                              1 calls
        0 ms  PreBuildEvent                              1 calls
        0 ms  MakeDirsForMidl                            1 calls
        0 ms  _BscMake                                   1 calls
        0 ms  _Appverifier                               1 calls
        0 ms  ComputeCLOutputs                           1 calls
        0 ms  RegisterOutput                             1 calls
        0 ms  BuildLink                                  1 calls
        0 ms  ComputeCLCompileGeneratedSbrFiles          1 calls
        0 ms  ResolveSDKReferences                       1 calls
        0 ms  _ALink                                     1 calls
        0 ms  ComputeCLGeneratedLinkInputs               1 calls
        0 ms  _SplitProjectReferencesByFileExistence     1 calls
        0 ms  BuildGenerateSourcesTraverse               1 calls
        0 ms  AssignTargetPaths                          1 calls
        0 ms  _BuildGenerateSourcesAction                1 calls
        0 ms  BeforeClCompile                            1 calls
        0 ms  DoLinkOutputFilesMatch                     1 calls
        0 ms  PrepareResourceNames                       1 calls
        0 ms  AfterLink                                  1 calls
        0 ms  ComputeRCGeneratedLinkInputs               1 calls
        0 ms  BuildCompile                               1 calls
        0 ms  BeforeBuildGenerateSources                 1 calls
        0 ms  AfterClCompile                             1 calls
        0 ms  AssignProjectConfiguration                 1 calls
        0 ms  _BuildCompileAction                        1 calls
        0 ms  GetInstalledSDKLocations                   1 calls
        0 ms  AfterBuildGenerateSourcesEvent             1 calls
        0 ms  MakeDirsForXdcMake                         1 calls
        1 ms  _PrepareForReferenceResolution             1 calls
        1 ms  ComputeLegacyManifestEmbedding             1 calls
        1 ms  ComputeReferenceCLInput                    1 calls
        1 ms  ResolveProjectReferences                   1 calls
        1 ms  ResolvedXDCMake                            1 calls
        1 ms  SplitResourcesByCulture                    1 calls
        1 ms  CopyFilesToOutputDirectory                 1 calls
        1 ms  SetBuildDefaultEnvironmentVariables        1 calls
        1 ms  MakeDirsForCl                              1 calls
        1 ms  PlatformPrepareForBuild                    1 calls
        1 ms  MakeDirsForLink                            1 calls
        1 ms  ComputeLinkInputsFromProject               1 calls
        1 ms  MakeDirsForResourceCompile                 1 calls
        2 ms  InitializeBuildStatus                      1 calls
        2 ms  FinalizeBuildStatus                        1 calls
        2 ms  _CheckForInvalidConfigurationAndPlatform   1 calls
        3 ms  PrepareForBuild                            1 calls
        3 ms  SetCABuildNativeEnvironmentVariables       1 calls
        3 ms  _PrepareForBuild                           1 calls
        4 ms  ResolveAssemblyReferences                  1 calls
      184 ms  Link                                       1 calls
      555 ms  ClCompile                                  1 calls
